# JRE version: OpenJDK Runtime Environment Corretto-21.0.3.9.1 (21.0.3+9) (build 21.0.3+9-LTS)
# Java VM: OpenJDK 64-Bit Server VM Corretto-21.0.3.9.1 (21.0.3+9-LTS, mixed mode, sharing, tiered, compressed oops, compressed class ptrs, g1 gc, bsd-aarch64)
Heap:
 garbage-first heap   total 587776K, used 482402K [0x0000000780000000, 0x0000000800000000)
  region size 1024K, 171 young (175104K), 20 survivors (20480K)
 Metaspace       used 152167K, committed 153408K, reserved 1179648K
  class space    used 23947K, committed 24512K, reserved 1048576K
GC Heap History (20 events):
Event: 4.433 GC heap before
{Heap before GC invocations=24 (full 0):
 garbage-first heap   total 587776K, used 325632K [0x0000000780000000, 0x0000000800000000)
  region size 1024K, 143 young (146432K), 32 survivors (32768K)
 Metaspace       used 66854K, committed 67520K, reserved 1114112K
  class space    used 8639K, committed 8960K, reserved 1048576K
}
Event: 4.457 GC heap after
{Heap after GC invocations=25 (full 0):
 garbage-first heap   total 587776K, used 250368K [0x0000000780000000, 0x0000000800000000)
  region size 1024K, 30 young (30720K), 30 survivors (30720K)
 Metaspace       used 66854K, committed 67520K, reserved 1114112K
  class space    used 8639K, committed 8960K, reserved 1048576K
}
Event: 5.552 GC heap before
{Heap before GC invocations=26 (full 0):
 garbage-first heap   total 587776K, used 431616K [0x0000000780000000, 0x0000000800000000)
  region size 1024K, 219 young (224256K), 30 survivors (30720K)
 Metaspace       used 89424K, committed 90240K, reserved 1179648K
  class space    used 12346K, committed 12672K, reserved 1048576K
}
Event: 5.571 GC heap after
{Heap after GC invocations=27 (full 0):
 garbage-first heap   total 587776K, used 262144K [0x0000000780000000, 0x0000000800000000)
  region size 1024K, 28 young (28672K), 28 survivors (28672K)
 Metaspace       used 89424K, committed 90240K, reserved 1179648K
  class space    used 12346K, committed 12672K, reserved 1048576K
}
Event: 5.980 GC heap before
{Heap before GC invocations=27 (full 0):
 garbage-first heap   total 587776K, used 459776K [0x0000000780000000, 0x0000000800000000)
  region size 1024K, 221 young (226304K), 28 survivors (28672K)
 Metaspace       used 94816K, committed 95744K, reserved 1179648K
  class space    used 13309K, committed 13696K, reserved 1048576K
}
Event: 5.992 GC heap after
{Heap after GC invocations=28 (full 0):
 garbage-first heap   total 587776K, used 248832K [0x0000000780000000, 0x0000000800000000)
  region size 1024K, 11 young (11264K), 11 survivors (11264K)
 Metaspace       used 94816K, committed 95744K, reserved 1179648K
  class space    used 13309K, committed 13696K, reserved 1048576K
}
Event: 6.178 GC heap before
{Heap before GC invocations=28 (full 0):
 garbage-first heap   total 587776K, used 420864K [0x0000000780000000, 0x0000000800000000)
  region size 1024K, 181 young (185344K), 11 survivors (11264K)
 Metaspace       used 96722K, committed 97600K, reserved 1179648K
  class space    used 13597K, committed 14016K, reserved 1048576K
}
Event: 6.184 GC heap after
{Heap after GC invocations=29 (full 0):
 garbage-first heap   total 587776K, used 251221K [0x0000000780000000, 0x0000000800000000)
  region size 1024K, 14 young (14336K), 14 survivors (14336K)
 Metaspace       used 96722K, committed 97600K, reserved 1179648K
  class space    used 13597K, committed 14016K, reserved 1048576K
}
Event: 9.614 GC heap before
{Heap before GC invocations=30 (full 0):
 garbage-first heap   total 587776K, used 490837K [0x0000000780000000, 0x0000000800000000)
  region size 1024K, 246 young (251904K), 14 survivors (14336K)
 Metaspace       used 111892K, committed 112768K, reserved 1179648K
  class space    used 15503K, committed 15872K, reserved 1048576K
}
Event: 9.661 GC heap after
{Heap after GC invocations=31 (full 0):
 garbage-first heap   total 587776K, used 307712K [0x0000000780000000, 0x0000000800000000)
  region size 1024K, 31 young (31744K), 31 survivors (31744K)
 Metaspace       used 111892K, committed 112768K, reserved 1179648K
  class space    used 15503K, committed 15872K, reserved 1048576K
}
Event: 12.064 GC heap before
{Heap before GC invocations=31 (full 0):
 garbage-first heap   total 587776K, used 530944K [0x0000000780000000, 0x0000000800000000)
  region size 1024K, 214 young (219136K), 31 survivors (31744K)
 Metaspace       used 133388K, committed 134464K, reserved 1179648K
  class space    used 21396K, committed 21888K, reserved 1048576K
}
Event: 12.089 GC heap after
{Heap after GC invocations=32 (full 0):
 garbage-first heap   total 587776K, used 318976K [0x0000000780000000, 0x0000000800000000)
  region size 1024K, 18 young (18432K), 18 survivors (18432K)
 Metaspace       used 133388K, committed 134464K, reserved 1179648K
  class space    used 21396K, committed 21888K, reserved 1048576K
}
Event: 63.717 GC heap before
{Heap before GC invocations=32 (full 0):
 garbage-first heap   total 587776K, used 504320K [0x0000000780000000, 0x0000000800000000)
  region size 1024K, 200 young (204800K), 18 survivors (18432K)
 Metaspace       used 146451K, committed 147584K, reserved 1179648K
  class space    used 23021K, committed 23488K, reserved 1048576K
}
Event: 63.756 GC heap after
{Heap after GC invocations=33 (full 0):
 garbage-first heap   total 587776K, used 335872K [0x0000000780000000, 0x0000000800000000)
  region size 1024K, 17 young (17408K), 17 survivors (17408K)
 Metaspace       used 146451K, committed 147584K, reserved 1179648K
  class space    used 23021K, committed 23488K, reserved 1048576K
}
Event: 66.112 GC heap before
{Heap before GC invocations=34 (full 0):
 garbage-first heap   total 587776K, used 481280K [0x0000000780000000, 0x0000000800000000)
  region size 1024K, 193 young (197632K), 17 survivors (17408K)
 Metaspace       used 148565K, committed 149760K, reserved 1179648K
  class space    used 23336K, committed 23872K, reserved 1048576K
}
Event: 66.139 GC heap after
{Heap after GC invocations=35 (full 0):
 garbage-first heap   total 587776K, used 324496K [0x0000000780000000, 0x0000000800000000)
  region size 1024K, 22 young (22528K), 22 survivors (22528K)
 Metaspace       used 148565K, committed 149760K, reserved 1179648K
  class space    used 23336K, committed 23872K, reserved 1048576K
}
Event: 68.159 GC heap before
{Heap before GC invocations=35 (full 0):
 garbage-first heap   total 587776K, used 513936K [0x0000000780000000, 0x0000000800000000)
  region size 1024K, 208 young (212992K), 22 survivors (22528K)
 Metaspace       used 149270K, committed 150464K, reserved 1179648K
  class space    used 23404K, committed 23936K, reserved 1048576K
}
Event: 68.194 GC heap after
{Heap after GC invocations=36 (full 0):
 garbage-first heap   total 587776K, used 308696K [0x0000000780000000, 0x0000000800000000)
  region size 1024K, 19 young (19456K), 19 survivors (19456K)
 Metaspace       used 149270K, committed 150464K, reserved 1179648K
  class space    used 23404K, committed 23936K, reserved 1048576K
}
Event: 70.660 GC heap before
{Heap before GC invocations=36 (full 0):
 garbage-first heap   total 587776K, used 515544K [0x0000000780000000, 0x0000000800000000)
  region size 1024K, 221 young (226304K), 19 survivors (19456K)
 Metaspace       used 150015K, committed 151296K, reserved 1179648K
  class space    used 23487K, committed 24064K, reserved 1048576K
}
Event: 70.686 GC heap after
{Heap after GC invocations=37 (full 0):
 garbage-first heap   total 587776K, used 328635K [0x0000000780000000, 0x0000000800000000)
  region size 1024K, 20 young (20480K), 20 survivors (20480K)
 Metaspace       used 150015K, committed 151296K, reserved 1179648K
  class space    used 23487K, committed 24064K, reserved 1048576K
}

