# JRE version: OpenJDK Runtime Environment Corretto-21.0.3.9.1 (21.0.3+9) (build 21.0.3+9-LTS)
# Java VM: OpenJDK 64-Bit Server VM Corretto-21.0.3.9.1 (21.0.3+9-LTS, mixed mode, sharing, tiered, compressed oops, compressed class ptrs, g1 gc, bsd-aarch64)
Heap:
 garbage-first heap   total 585728K, used 474166K [0x0000000780000000, 0x0000000800000000)
  region size 1024K, 149 young (152576K), 12 survivors (12288K)
 Metaspace       used 152708K, committed 153920K, reserved 1179648K
  class space    used 24065K, committed 24576K, reserved 1048576K
GC Heap History (20 events):
Event: 5.162 GC heap before
{Heap before GC invocations=28 (full 0):
 garbage-first heap   total 516096K, used 437981K [0x0000000780000000, 0x0000000800000000)
  region size 1024K, 168 young (172032K), 8 survivors (8192K)
 Metaspace       used 94365K, committed 95168K, reserved 1179648K
  class space    used 13294K, committed 13632K, reserved 1048576K
}
Event: 5.169 GC heap after
{Heap after GC invocations=29 (full 0):
 garbage-first heap   total 516096K, used 241609K [0x0000000780000000, 0x0000000800000000)
  region size 1024K, 15 young (15360K), 15 survivors (15360K)
 Metaspace       used 94365K, committed 95168K, reserved 1179648K
  class space    used 13294K, committed 13632K, reserved 1048576K
}
Event: 5.306 GC heap before
{Heap before GC invocations=29 (full 0):
 garbage-first heap   total 516096K, used 377801K [0x0000000780000000, 0x0000000800000000)
  region size 1024K, 149 young (152576K), 15 survivors (15360K)
 Metaspace       used 95789K, committed 96704K, reserved 1179648K
  class space    used 13490K, committed 13888K, reserved 1048576K
}
Event: 5.312 GC heap after
{Heap after GC invocations=30 (full 0):
 garbage-first heap   total 516096K, used 244886K [0x0000000780000000, 0x0000000800000000)
  region size 1024K, 18 young (18432K), 18 survivors (18432K)
 Metaspace       used 95789K, committed 96704K, reserved 1179648K
  class space    used 13490K, committed 13888K, reserved 1048576K
}
Event: 6.877 GC heap before
{Heap before GC invocations=31 (full 0):
 garbage-first heap   total 516096K, used 454806K [0x0000000780000000, 0x0000000800000000)
  region size 1024K, 222 young (227328K), 18 survivors (18432K)
 Metaspace       used 111104K, committed 112000K, reserved 1179648K
  class space    used 15405K, committed 15808K, reserved 1048576K
}
Event: 6.897 GC heap after
{Heap after GC invocations=32 (full 0):
 garbage-first heap   total 525312K, used 296960K [0x0000000780000000, 0x0000000800000000)
  region size 1024K, 28 young (28672K), 28 survivors (28672K)
 Metaspace       used 111104K, committed 112000K, reserved 1179648K
  class space    used 15405K, committed 15808K, reserved 1048576K
}
Event: 8.167 GC heap before
{Heap before GC invocations=32 (full 0):
 garbage-first heap   total 525312K, used 490496K [0x0000000780000000, 0x0000000800000000)
  region size 1024K, 181 young (185344K), 28 survivors (28672K)
 Metaspace       used 124586K, committed 125632K, reserved 1179648K
  class space    used 17164K, committed 17600K, reserved 1048576K
}
Event: 8.188 GC heap after
{Heap after GC invocations=33 (full 0):
 garbage-first heap   total 543744K, used 312832K [0x0000000780000000, 0x0000000800000000)
  region size 1024K, 18 young (18432K), 18 survivors (18432K)
 Metaspace       used 124586K, committed 125632K, reserved 1179648K
  class space    used 17164K, committed 17600K, reserved 1048576K
}
Event: 9.544 GC heap before
{Heap before GC invocations=33 (full 0):
 garbage-first heap   total 543744K, used 472576K [0x0000000780000000, 0x0000000800000000)
  region size 1024K, 175 young (179200K), 18 survivors (18432K)
 Metaspace       used 137905K, committed 138944K, reserved 1179648K
  class space    used 21829K, committed 22272K, reserved 1048576K
}
Event: 9.554 GC heap after
{Heap after GC invocations=34 (full 0):
 garbage-first heap   total 543744K, used 328256K [0x0000000780000000, 0x0000000800000000)
  region size 1024K, 19 young (19456K), 19 survivors (19456K)
 Metaspace       used 137905K, committed 138944K, reserved 1179648K
  class space    used 21829K, committed 22272K, reserved 1048576K
}
Event: 16.464 GC heap before
{Heap before GC invocations=35 (full 0):
 garbage-first heap   total 552960K, used 477760K [0x0000000780000000, 0x0000000800000000)
  region size 1024K, 167 young (171008K), 19 survivors (19456K)
 Metaspace       used 146820K, committed 148032K, reserved 1179648K
  class space    used 23221K, committed 23744K, reserved 1048576K
}
Event: 16.489 GC heap after
{Heap after GC invocations=36 (full 0):
 garbage-first heap   total 552960K, used 343999K [0x0000000780000000, 0x0000000800000000)
  region size 1024K, 17 young (17408K), 17 survivors (17408K)
 Metaspace       used 146820K, committed 148032K, reserved 1179648K
  class space    used 23221K, committed 23744K, reserved 1048576K
}
Event: 17.730 GC heap before
{Heap before GC invocations=36 (full 0):
 garbage-first heap   total 552960K, used 492479K [0x0000000780000000, 0x0000000800000000)
  region size 1024K, 162 young (165888K), 17 survivors (17408K)
 Metaspace       used 148823K, committed 149952K, reserved 1179648K
  class space    used 23638K, committed 24128K, reserved 1048576K
}
Event: 17.760 GC heap after
{Heap after GC invocations=37 (full 0):
 garbage-first heap   total 552960K, used 330139K [0x0000000780000000, 0x0000000800000000)
  region size 1024K, 17 young (17408K), 17 survivors (17408K)
 Metaspace       used 148823K, committed 149952K, reserved 1179648K
  class space    used 23638K, committed 24128K, reserved 1048576K
}
Event: 19.059 GC heap before
{Heap before GC invocations=37 (full 0):
 garbage-first heap   total 552960K, used 493979K [0x0000000780000000, 0x0000000800000000)
  region size 1024K, 177 young (181248K), 17 survivors (17408K)
 Metaspace       used 149383K, committed 150592K, reserved 1179648K
  class space    used 23686K, committed 24192K, reserved 1048576K
}
Event: 19.068 GC heap after
{Heap after GC invocations=38 (full 0):
 garbage-first heap   total 552960K, used 347008K [0x0000000780000000, 0x0000000800000000)
  region size 1024K, 17 young (17408K), 17 survivors (17408K)
 Metaspace       used 149383K, committed 150592K, reserved 1179648K
  class space    used 23686K, committed 24192K, reserved 1048576K
}
Event: 20.560 GC heap before
{Heap before GC invocations=39 (full 0):
 garbage-first heap   total 585728K, used 478080K [0x0000000780000000, 0x0000000800000000)
  region size 1024K, 166 young (169984K), 17 survivors (17408K)
 Metaspace       used 149882K, committed 151104K, reserved 1179648K
  class space    used 23739K, committed 24256K, reserved 1048576K
}
Event: 20.578 GC heap after
{Heap after GC invocations=40 (full 0):
 garbage-first heap   total 585728K, used 339726K [0x0000000780000000, 0x0000000800000000)
  region size 1024K, 15 young (15360K), 15 survivors (15360K)
 Metaspace       used 149882K, committed 151104K, reserved 1179648K
  class space    used 23739K, committed 24256K, reserved 1048576K
}
Event: 29.909 GC heap before
{Heap before GC invocations=40 (full 0):
 garbage-first heap   total 585728K, used 528142K [0x0000000780000000, 0x0000000800000000)
  region size 1024K, 199 young (203776K), 15 survivors (15360K)
 Metaspace       used 151412K, committed 152576K, reserved 1179648K
  class space    used 23904K, committed 24384K, reserved 1048576K
}
Event: 29.965 GC heap after
{Heap after GC invocations=41 (full 0):
 garbage-first heap   total 585728K, used 334848K [0x0000000780000000, 0x0000000800000000)
  region size 1024K, 12 young (12288K), 12 survivors (12288K)
 Metaspace       used 151412K, committed 152576K, reserved 1179648K
  class space    used 23904K, committed 24384K, reserved 1048576K
}

